Running in Lattice mode


Starting:    C:\ispLEVER_Classic2_0\synpbase\win64\mbin\synbatch.exe
Install:     C:\ispLEVER_Classic2_0\synpbase
Date:        Wed Sep 04 14:07:43 2019
Version:     I-2014.03LC 

Arguments:   -product synplify_pro  -batch c:/decoderchip\address_decoder.prj
ProductType: synplify_pro





log file: "C:\decoderchip\address_decoder.srr"

Running address_decoder|decoderchip

Running: Compile on address_decoder|decoderchip

Running: Compile Process on address_decoder|decoderchip

Running: Compile Input on address_decoder|decoderchip
Copied C:\decoderchip\synwork\address_decoder_comp.srs to C:\decoderchip\address_decoder.srs
compiler Completed
Return Code: 0
Run Time:0h:00m:02s

Running: Multi-srs Generator on address_decoder|decoderchip
Copied C:\decoderchip\synwork\address_decoder_comp.srs to C:\decoderchip\synwork\address_decoder_s.srs
multi_srs_gen Completed
Return Code: 0
Run Time:0h:00m:00s
Copied C:\decoderchip\synwork\address_decoder_mult.srs to C:\decoderchip\address_decoder.srs
Copied C:\decoderchip\address_decoder.srr to C:\decoderchip\address_decoder.srf
Complete: Compile Process on address_decoder|decoderchip
Complete: Compile on address_decoder|decoderchip

Running: Map on address_decoder|decoderchip

Running: Map & Optimize on address_decoder|decoderchip
fpga_mapper Completed
Return Code: 0
Run Time:0h:00m:00s
Complete: Map on address_decoder|decoderchip
Complete: Logic Synthesis on address_decoder|decoderchip

exit status=0

exit status=0

